<?xml version="1.0" encoding="UTF-8"?>
<testng-results ignored="0" total="1" passed="1" failed="0" skipped="0">
  <reporter-output>
  </reporter-output>
  <suite started-at="2019-06-03T10:14:37Z" name="Default suite" finished-at="2019-06-03T10:14:55Z" duration-ms="17574">
    <groups>
    </groups>
    <test started-at="2019-06-03T10:14:37Z" name="Default test" finished-at="2019-06-03T10:14:55Z" duration-ms="17574">
      <class name="Testcases.Loginapplication">
        <test-method signature="Login()[pri:0, instance:Testcases.Loginapplication@2d9d4f9d]" started-at="2019-06-03T10:14:37Z" name="Login" finished-at="2019-06-03T10:14:55Z" duration-ms="17534" status="PASS">
          <reporter-output>
          </reporter-output>
        </test-method> <!-- Login -->
      </class> <!-- Testcases.Loginapplication -->
    </test> <!-- Default test -->
  </suite> <!-- Default suite -->
</testng-results>
