<?xml version="1.0" encoding="UTF-8"?>
<testng-results ignored="0" total="1" passed="1" failed="0" skipped="0">
  <reporter-output>
  </reporter-output>
  <suite started-at="2019-05-31T15:51:02Z" name="Surefire suite" finished-at="2019-05-31T15:51:02Z" duration-ms="103">
    <groups>
    </groups>
    <test started-at="2019-05-31T15:51:02Z" name="Surefire test" finished-at="2019-05-31T15:51:02Z" duration-ms="103">
      <class name="Test.Sample.AppTest">
        <test-method signature="atest()[pri:0, instance:Test.Sample.AppTest@42eca56e]" started-at="2019-05-31T15:51:02Z" name="atest" finished-at="2019-05-31T15:51:02Z" duration-ms="30" status="PASS">
          <reporter-output>
          </reporter-output>
        </test-method> <!-- atest -->
      </class> <!-- Test.Sample.AppTest -->
    </test> <!-- Surefire test -->
  </suite> <!-- Surefire suite -->
</testng-results>
